------------------------------------------------------------
/Users/liupy525/.virtualenvs/bottle/bin/pip run on Mon Mar 30 22:46:08 2015
Downloading/unpacking bottle==0.4
  Getting page https://pypi.tuna.tsinghua.edu.cn/simple/bottle/
  URLs to search for versions for bottle==0.4:
  * https://pypi.tuna.tsinghua.edu.cn/simple/bottle/0.4
  * https://pypi.tuna.tsinghua.edu.cn/simple/bottle/
  * http://pypi.mirrors.ustc.edu.cn/simple/bottle/
  http://pypi.mirrors.ustc.edu.cn/simple/bottle/ uses an insecure transport scheme (http). Consider using https if pypi.mirrors.ustc.edu.cn has it available
  Getting page https://pypi.tuna.tsinghua.edu.cn/simple/bottle/0.4
  Could not fetch URL https://pypi.tuna.tsinghua.edu.cn/simple/bottle/0.4: 404 Client Error: Not Found
  Will skip URL https://pypi.tuna.tsinghua.edu.cn/simple/bottle/0.4 when looking for download links for bottle==0.4
  Analyzing links from page https://pypi.tuna.tsinghua.edu.cn/simple/bottle/
    Found link https://pypi.tuna.tsinghua.edu.cn/packages/3.3/b/bottle/bottle-0.11.6-py2.py3-none-any.whl#md5=24908fbcefae4118b8ed24a30184c638 (from https://pypi.tuna.tsinghua.edu.cn/simple/bottle/), version: 0.11.6
    Found link https://pypi.tuna.tsinghua.edu.cn/packages/source/b/bottle/bottle-0.10.1.tar.gz#md5=2107cde18f0461d131d7b23197c72add (from https://pypi.tuna.tsinghua.edu.cn/simple/bottle/), version: 0.10.1
    Found link https://pypi.tuna.tsinghua.edu.cn/packages/source/b/bottle/bottle-0.10.10.tar.gz#md5=197466688d038035e01eb4fd2b620a74 (from https://pypi.tuna.tsinghua.edu.cn/simple/bottle/), version: 0.10.10
    Found link https://pypi.tuna.tsinghua.edu.cn/packages/source/b/bottle/bottle-0.10.11.tar.gz#md5=d4e97c040b3f296ab55f43d8c7e96c9e (from https://pypi.tuna.tsinghua.edu.cn/simple/bottle/), version: 0.10.11
    Found link https://pypi.tuna.tsinghua.edu.cn/packages/source/b/bottle/bottle-0.10.12.tar.gz#md5=41c7a801b98882cd08f262da8a9a5c38 (from https://pypi.tuna.tsinghua.edu.cn/simple/bottle/), version: 0.10.12
    Found link https://pypi.tuna.tsinghua.edu.cn/packages/source/b/bottle/bottle-0.10.2.tar.gz#md5=a49bbea56b252cb786beccbeea9cdb90 (from https://pypi.tuna.tsinghua.edu.cn/simple/bottle/), version: 0.10.2
    Found link https://pypi.tuna.tsinghua.edu.cn/packages/source/b/bottle/bottle-0.10.3.tar.gz#md5=ce8deeb524a7aa034aa620391c25c3db (from https://pypi.tuna.tsinghua.edu.cn/simple/bottle/), version: 0.10.3
    Found link https://pypi.tuna.tsinghua.edu.cn/packages/source/b/bottle/bottle-0.10.4.tar.gz#md5=19be83242ac9e8c15e97dbced2631c64 (from https://pypi.tuna.tsinghua.edu.cn/simple/bottle/), version: 0.10.4
    Found link https://pypi.tuna.tsinghua.edu.cn/packages/source/b/bottle/bottle-0.10.5.tar.gz#md5=edd08bc6d3c361fe145e53a773e0e192 (from https://pypi.tuna.tsinghua.edu.cn/simple/bottle/), version: 0.10.5
    Found link https://pypi.tuna.tsinghua.edu.cn/packages/source/b/bottle/bottle-0.10.6.tar.gz#md5=aa2e2cc9e69450e6b8b1776f59d56686 (from https://pypi.tuna.tsinghua.edu.cn/simple/bottle/), version: 0.10.6
    Found link https://pypi.tuna.tsinghua.edu.cn/packages/source/b/bottle/bottle-0.10.7.tar.gz#md5=37894c167ca8eb20251827ebdd8a4e6d (from https://pypi.tuna.tsinghua.edu.cn/simple/bottle/), version: 0.10.7
    Found link https://pypi.tuna.tsinghua.edu.cn/packages/source/b/bottle/bottle-0.10.8.tar.gz#md5=c11cd8314060472933e7cbdc99c382bf (from https://pypi.tuna.tsinghua.edu.cn/simple/bottle/), version: 0.10.8
    Found link https://pypi.tuna.tsinghua.edu.cn/packages/source/b/bottle/bottle-0.10.9.tar.gz#md5=e6ec6b37d2e0231d34c9625e106b965f (from https://pypi.tuna.tsinghua.edu.cn/simple/bottle/), version: 0.10.9
    Found link https://pypi.tuna.tsinghua.edu.cn/packages/source/b/bottle/bottle-0.11.1.tar.gz#md5=e9c8ca81b352c7b0b2d60c9afabbb919 (from https://pypi.tuna.tsinghua.edu.cn/simple/bottle/), version: 0.11.1
    Found link https://pypi.tuna.tsinghua.edu.cn/packages/source/b/bottle/bottle-0.11.2.tar.gz#md5=68ac84bfafcd36b335fd2e0042b5724f (from https://pypi.tuna.tsinghua.edu.cn/simple/bottle/), version: 0.11.2
    Found link https://pypi.tuna.tsinghua.edu.cn/packages/source/b/bottle/bottle-0.11.3.tar.gz#md5=e911ebc5f371f696e4c23ab85f48b324 (from https://pypi.tuna.tsinghua.edu.cn/simple/bottle/), version: 0.11.3
    Found link https://pypi.tuna.tsinghua.edu.cn/packages/source/b/bottle/bottle-0.11.4.tar.gz#md5=f767c340de0b7c9581917c48e609479b (from https://pypi.tuna.tsinghua.edu.cn/simple/bottle/), version: 0.11.4
    Found link https://pypi.tuna.tsinghua.edu.cn/packages/source/b/bottle/bottle-0.11.5.tar.gz#md5=4fc1e349e628bc378a5a5b3c2e83d9b1 (from https://pypi.tuna.tsinghua.edu.cn/simple/bottle/), version: 0.11.5
    Found link https://pypi.tuna.tsinghua.edu.cn/packages/source/b/bottle/bottle-0.11.6.tar.gz#md5=0bafdc4e13ea2b1a3bddf36b5af108c4 (from https://pypi.tuna.tsinghua.edu.cn/simple/bottle/), version: 0.11.6
    Found link https://pypi.tuna.tsinghua.edu.cn/packages/source/b/bottle/bottle-0.11.7.tar.gz#md5=a53c622453d6e3d893e7fd3790c5bd7a (from https://pypi.tuna.tsinghua.edu.cn/simple/bottle/), version: 0.11.7
    Found link https://pypi.tuna.tsinghua.edu.cn/packages/source/b/bottle/bottle-0.12.1.tar.gz#md5=ea5ecd9b1b2c31513d8eba4b39e26991 (from https://pypi.tuna.tsinghua.edu.cn/simple/bottle/), version: 0.12.1
    Found link https://pypi.tuna.tsinghua.edu.cn/packages/source/b/bottle/bottle-0.12.2.tar.gz#md5=33d76887ee5f90dc33d0642be1eb3134 (from https://pypi.tuna.tsinghua.edu.cn/simple/bottle/), version: 0.12.2
    Found link https://pypi.tuna.tsinghua.edu.cn/packages/source/b/bottle/bottle-0.12.3.tar.gz#md5=31fd7027f8fb72281ed0584214108730 (from https://pypi.tuna.tsinghua.edu.cn/simple/bottle/), version: 0.12.3
    Found link https://pypi.tuna.tsinghua.edu.cn/packages/source/b/bottle/bottle-0.12.4.tar.gz#md5=638af3414f3d4ae0a79152916d373bae (from https://pypi.tuna.tsinghua.edu.cn/simple/bottle/), version: 0.12.4
    Found link https://pypi.tuna.tsinghua.edu.cn/packages/source/b/bottle/bottle-0.12.5.tar.gz#md5=3bfd6aa9459ab88ad9a7e50ecd7149e4 (from https://pypi.tuna.tsinghua.edu.cn/simple/bottle/), version: 0.12.5
    Found link https://pypi.tuna.tsinghua.edu.cn/packages/source/b/bottle/bottle-0.12.6.tar.gz#md5=3d6c5a115bc6a2e984a6d4b72d84e7c5 (from https://pypi.tuna.tsinghua.edu.cn/simple/bottle/), version: 0.12.6
    Found link https://pypi.tuna.tsinghua.edu.cn/packages/source/b/bottle/bottle-0.12.7.tar.gz#md5=ed0b83c9dbbdbde784e7c652d61c59f4 (from https://pypi.tuna.tsinghua.edu.cn/simple/bottle/), version: 0.12.7
    Found link https://pypi.tuna.tsinghua.edu.cn/packages/source/b/bottle/bottle-0.12.8.tar.gz#md5=13132c0a8f607bf860810a6ee9064c5b (from https://pypi.tuna.tsinghua.edu.cn/simple/bottle/), version: 0.12.8
    Found link https://pypi.tuna.tsinghua.edu.cn/packages/source/b/bottle/bottle-0.4.10.tar.gz#md5=b8284c73d7507287e82982bd045ce074 (from https://pypi.tuna.tsinghua.edu.cn/simple/bottle/), version: 0.4.10
    Found link https://pypi.tuna.tsinghua.edu.cn/packages/source/b/bottle/bottle-0.4.11.tar.gz#md5=a12823f26db1109aff576cd582873754 (from https://pypi.tuna.tsinghua.edu.cn/simple/bottle/), version: 0.4.11
    Found link https://pypi.tuna.tsinghua.edu.cn/packages/source/b/bottle/bottle-0.4.12.tar.gz#md5=5fe92cdec9af07fd49b42fbd4301c83a (from https://pypi.tuna.tsinghua.edu.cn/simple/bottle/), version: 0.4.12
    Found link https://pypi.tuna.tsinghua.edu.cn/packages/source/b/bottle/bottle-0.4.13.tar.gz#md5=60ad4d356db43f26d8300080bd307155 (from https://pypi.tuna.tsinghua.edu.cn/simple/bottle/), version: 0.4.13
    Found link https://pypi.tuna.tsinghua.edu.cn/packages/source/b/bottle/bottle-0.4.14.tar.gz#md5=694f971e395ea7bee0a9270166931aca (from https://pypi.tuna.tsinghua.edu.cn/simple/bottle/), version: 0.4.14
    Found link https://pypi.tuna.tsinghua.edu.cn/packages/source/b/bottle/bottle-0.4.3.tar.gz#md5=63c21b690eec371e9bc4c22b87baa437 (from https://pypi.tuna.tsinghua.edu.cn/simple/bottle/), version: 0.4.3
    Found link https://pypi.tuna.tsinghua.edu.cn/packages/source/b/bottle/bottle-0.4.4.tar.gz#md5=8c79baedb8b620e6ef8c62520759f7a6 (from https://pypi.tuna.tsinghua.edu.cn/simple/bottle/), version: 0.4.4
    Found link https://pypi.tuna.tsinghua.edu.cn/packages/source/b/bottle/bottle-0.4.6.tar.gz#md5=a4a451447f9cbed598966dd254a78253 (from https://pypi.tuna.tsinghua.edu.cn/simple/bottle/), version: 0.4.6
    Found link https://pypi.tuna.tsinghua.edu.cn/packages/source/b/bottle/bottle-0.4.7.tar.gz#md5=6f5f160b5f9376f50d2f7dbeff5cba72 (from https://pypi.tuna.tsinghua.edu.cn/simple/bottle/), version: 0.4.7
    Found link https://pypi.tuna.tsinghua.edu.cn/packages/source/b/bottle/bottle-0.4.8.tar.gz#md5=77b4d245d09f2b7e2b4218e86196f689 (from https://pypi.tuna.tsinghua.edu.cn/simple/bottle/), version: 0.4.8
    Found link https://pypi.tuna.tsinghua.edu.cn/packages/source/b/bottle/bottle-0.4.9.tar.gz#md5=6fdc518d5bc8998e60101864067c51d3 (from https://pypi.tuna.tsinghua.edu.cn/simple/bottle/), version: 0.4.9
    Found link https://pypi.tuna.tsinghua.edu.cn/packages/source/b/bottle/bottle-0.5.3.tar.gz#md5=d0e5afbc435df3b2ce3e093b966f7d71 (from https://pypi.tuna.tsinghua.edu.cn/simple/bottle/), version: 0.5.3
    Found link https://pypi.tuna.tsinghua.edu.cn/packages/source/b/bottle/bottle-0.5.4.tar.gz#md5=092b5ee870e536107fed81268d95946a (from https://pypi.tuna.tsinghua.edu.cn/simple/bottle/), version: 0.5.4
    Found link https://pypi.tuna.tsinghua.edu.cn/packages/source/b/bottle/bottle-0.5.6.tar.gz#md5=81d79b402cdecf20e642fa74c547bc9b (from https://pypi.tuna.tsinghua.edu.cn/simple/bottle/), version: 0.5.6
    Found link https://pypi.tuna.tsinghua.edu.cn/packages/source/b/bottle/bottle-0.5.7.tar.gz#md5=6fd18b5ebd6b9123954dfe63d51e0e41 (from https://pypi.tuna.tsinghua.edu.cn/simple/bottle/), version: 0.5.7
    Found link https://pypi.tuna.tsinghua.edu.cn/packages/source/b/bottle/bottle-0.5.8.tar.gz#md5=959b253063be523ba3b4523ac31ff5f2 (from https://pypi.tuna.tsinghua.edu.cn/simple/bottle/), version: 0.5.8
    Found link https://pypi.tuna.tsinghua.edu.cn/packages/source/b/bottle/bottle-0.6.0.tar.gz#md5=ba3c5c4905086165c4631d6fc1ff7336 (from https://pypi.tuna.tsinghua.edu.cn/simple/bottle/), version: 0.6.0
    Found link https://pypi.tuna.tsinghua.edu.cn/packages/source/b/bottle/bottle-0.6.1.tar.gz#md5=c711ffffe598501d11a9ea610a3f33f9 (from https://pypi.tuna.tsinghua.edu.cn/simple/bottle/), version: 0.6.1
    Found link https://pypi.tuna.tsinghua.edu.cn/packages/source/b/bottle/bottle-0.6.2.tar.gz#md5=fd6c79244917c7b1833124697451b019 (from https://pypi.tuna.tsinghua.edu.cn/simple/bottle/), version: 0.6.2
    Found link https://pypi.tuna.tsinghua.edu.cn/packages/source/b/bottle/bottle-0.6.3.tar.gz#md5=c9f708993e01dbf2a31148175c1a87a5 (from https://pypi.tuna.tsinghua.edu.cn/simple/bottle/), version: 0.6.3
    Found link https://pypi.tuna.tsinghua.edu.cn/packages/source/b/bottle/bottle-0.6.4.tar.gz#md5=fc4603408ab61de55441a0c9192fe488 (from https://pypi.tuna.tsinghua.edu.cn/simple/bottle/), version: 0.6.4
    Found link https://pypi.tuna.tsinghua.edu.cn/packages/source/b/bottle/bottle-0.6.5.tar.gz#md5=b3d73d40e0efec27faf2f78e436cba5b (from https://pypi.tuna.tsinghua.edu.cn/simple/bottle/), version: 0.6.5
    Found link https://pypi.tuna.tsinghua.edu.cn/packages/source/b/bottle/bottle-0.6.6.tar.gz#md5=2278bcfbc3b38227d1e90faf265c6f0a (from https://pypi.tuna.tsinghua.edu.cn/simple/bottle/), version: 0.6.6
    Found link https://pypi.tuna.tsinghua.edu.cn/packages/source/b/bottle/bottle-0.8.1.tar.gz#md5=e6287c634e676a54459a1c4676d48d3d (from https://pypi.tuna.tsinghua.edu.cn/simple/bottle/), version: 0.8.1
    Found link https://pypi.tuna.tsinghua.edu.cn/packages/source/b/bottle/bottle-0.8.2.tar.gz#md5=e2d3951fa1cacc2144fa53be9c3365db (from https://pypi.tuna.tsinghua.edu.cn/simple/bottle/), version: 0.8.2
    Found link https://pypi.tuna.tsinghua.edu.cn/packages/source/b/bottle/bottle-0.8.3.tar.gz#md5=8d0c8282d8311dc63099f98d362f2e63 (from https://pypi.tuna.tsinghua.edu.cn/simple/bottle/), version: 0.8.3
    Found link https://pypi.tuna.tsinghua.edu.cn/packages/source/b/bottle/bottle-0.8.4.tar.gz#md5=2bc00e5c5f5c83931ae3b3ad1f41bc54 (from https://pypi.tuna.tsinghua.edu.cn/simple/bottle/), version: 0.8.4
    Found link https://pypi.tuna.tsinghua.edu.cn/packages/source/b/bottle/bottle-0.8.5.tar.gz#md5=10e58aa1ef4fe66a9e99153df5dc1b09 (from https://pypi.tuna.tsinghua.edu.cn/simple/bottle/), version: 0.8.5
    Found link https://pypi.tuna.tsinghua.edu.cn/packages/source/b/bottle/bottle-0.9.1.tar.gz#md5=5be3d467420e24629934dcadce08b87a (from https://pypi.tuna.tsinghua.edu.cn/simple/bottle/), version: 0.9.1
    Found link https://pypi.tuna.tsinghua.edu.cn/packages/source/b/bottle/bottle-0.9.2.tar.gz#md5=216d51519155c6157c60179e3fce9223 (from https://pypi.tuna.tsinghua.edu.cn/simple/bottle/), version: 0.9.2
    Found link https://pypi.tuna.tsinghua.edu.cn/packages/source/b/bottle/bottle-0.9.3.tar.gz#md5=f5fa6f40cf0a4033004fba6220f0db61 (from https://pypi.tuna.tsinghua.edu.cn/simple/bottle/), version: 0.9.3
    Found link https://pypi.tuna.tsinghua.edu.cn/packages/source/b/bottle/bottle-0.9.4.tar.gz#md5=3b4308a73f0a7019e0f0999f55bf8e1a (from https://pypi.tuna.tsinghua.edu.cn/simple/bottle/), version: 0.9.4
    Found link https://pypi.tuna.tsinghua.edu.cn/packages/source/b/bottle/bottle-0.9.5.tar.gz#md5=d87cb9aa846003163aeda29226ae1e9c (from https://pypi.tuna.tsinghua.edu.cn/simple/bottle/), version: 0.9.5
    Found link https://pypi.tuna.tsinghua.edu.cn/packages/source/b/bottle/bottle-0.9.6.tar.gz#md5=f48c992ad58e2e47289388cbf4df97fb (from https://pypi.tuna.tsinghua.edu.cn/simple/bottle/), version: 0.9.6
    Found link https://pypi.tuna.tsinghua.edu.cn/packages/source/b/bottle/bottle-0.9.7.tar.gz#md5=eb4faa6a519251928e4bb737db4217ae (from https://pypi.tuna.tsinghua.edu.cn/simple/bottle/), version: 0.9.7
    Found link https://pypi.tuna.tsinghua.edu.cn/packages/source/b/bottle/bottle-0.9.8.tar.gz#md5=d7c5d0253eec73ba2be7964b53588336 (from https://pypi.tuna.tsinghua.edu.cn/simple/bottle/), version: 0.9.8
    Skipping link http://bottlepy.org/ (from https://pypi.tuna.tsinghua.edu.cn/simple/bottle/); not a file
  Getting page http://pypi.mirrors.ustc.edu.cn/simple/bottle/
  Analyzing links from page http://pypi.mirrors.ustc.edu.cn/simple/bottle/
    Found link http://pypi.mirrors.ustc.edu.cn/packages/3.3/b/bottle/bottle-0.11.6-py2.py3-none-any.whl#md5=24908fbcefae4118b8ed24a30184c638 (from http://pypi.mirrors.ustc.edu.cn/simple/bottle/), version: 0.11.6
    Found link http://pypi.mirrors.ustc.edu.cn/packages/source/b/bottle/bottle-0.10.1.tar.gz#md5=2107cde18f0461d131d7b23197c72add (from http://pypi.mirrors.ustc.edu.cn/simple/bottle/), version: 0.10.1
    Found link http://pypi.mirrors.ustc.edu.cn/packages/source/b/bottle/bottle-0.10.10.tar.gz#md5=197466688d038035e01eb4fd2b620a74 (from http://pypi.mirrors.ustc.edu.cn/simple/bottle/), version: 0.10.10
    Found link http://pypi.mirrors.ustc.edu.cn/packages/source/b/bottle/bottle-0.10.11.tar.gz#md5=d4e97c040b3f296ab55f43d8c7e96c9e (from http://pypi.mirrors.ustc.edu.cn/simple/bottle/), version: 0.10.11
    Found link http://pypi.mirrors.ustc.edu.cn/packages/source/b/bottle/bottle-0.10.12.tar.gz#md5=41c7a801b98882cd08f262da8a9a5c38 (from http://pypi.mirrors.ustc.edu.cn/simple/bottle/), version: 0.10.12
    Found link http://pypi.mirrors.ustc.edu.cn/packages/source/b/bottle/bottle-0.10.2.tar.gz#md5=a49bbea56b252cb786beccbeea9cdb90 (from http://pypi.mirrors.ustc.edu.cn/simple/bottle/), version: 0.10.2
    Found link http://pypi.mirrors.ustc.edu.cn/packages/source/b/bottle/bottle-0.10.3.tar.gz#md5=ce8deeb524a7aa034aa620391c25c3db (from http://pypi.mirrors.ustc.edu.cn/simple/bottle/), version: 0.10.3
    Found link http://pypi.mirrors.ustc.edu.cn/packages/source/b/bottle/bottle-0.10.4.tar.gz#md5=19be83242ac9e8c15e97dbced2631c64 (from http://pypi.mirrors.ustc.edu.cn/simple/bottle/), version: 0.10.4
    Found link http://pypi.mirrors.ustc.edu.cn/packages/source/b/bottle/bottle-0.10.5.tar.gz#md5=edd08bc6d3c361fe145e53a773e0e192 (from http://pypi.mirrors.ustc.edu.cn/simple/bottle/), version: 0.10.5
    Found link http://pypi.mirrors.ustc.edu.cn/packages/source/b/bottle/bottle-0.10.6.tar.gz#md5=aa2e2cc9e69450e6b8b1776f59d56686 (from http://pypi.mirrors.ustc.edu.cn/simple/bottle/), version: 0.10.6
    Found link http://pypi.mirrors.ustc.edu.cn/packages/source/b/bottle/bottle-0.10.7.tar.gz#md5=37894c167ca8eb20251827ebdd8a4e6d (from http://pypi.mirrors.ustc.edu.cn/simple/bottle/), version: 0.10.7
    Found link http://pypi.mirrors.ustc.edu.cn/packages/source/b/bottle/bottle-0.10.8.tar.gz#md5=c11cd8314060472933e7cbdc99c382bf (from http://pypi.mirrors.ustc.edu.cn/simple/bottle/), version: 0.10.8
    Found link http://pypi.mirrors.ustc.edu.cn/packages/source/b/bottle/bottle-0.10.9.tar.gz#md5=e6ec6b37d2e0231d34c9625e106b965f (from http://pypi.mirrors.ustc.edu.cn/simple/bottle/), version: 0.10.9
    Found link http://pypi.mirrors.ustc.edu.cn/packages/source/b/bottle/bottle-0.11.1.tar.gz#md5=e9c8ca81b352c7b0b2d60c9afabbb919 (from http://pypi.mirrors.ustc.edu.cn/simple/bottle/), version: 0.11.1
    Found link http://pypi.mirrors.ustc.edu.cn/packages/source/b/bottle/bottle-0.11.2.tar.gz#md5=68ac84bfafcd36b335fd2e0042b5724f (from http://pypi.mirrors.ustc.edu.cn/simple/bottle/), version: 0.11.2
    Found link http://pypi.mirrors.ustc.edu.cn/packages/source/b/bottle/bottle-0.11.3.tar.gz#md5=e911ebc5f371f696e4c23ab85f48b324 (from http://pypi.mirrors.ustc.edu.cn/simple/bottle/), version: 0.11.3
    Found link http://pypi.mirrors.ustc.edu.cn/packages/source/b/bottle/bottle-0.11.4.tar.gz#md5=f767c340de0b7c9581917c48e609479b (from http://pypi.mirrors.ustc.edu.cn/simple/bottle/), version: 0.11.4
    Found link http://pypi.mirrors.ustc.edu.cn/packages/source/b/bottle/bottle-0.11.5.tar.gz#md5=4fc1e349e628bc378a5a5b3c2e83d9b1 (from http://pypi.mirrors.ustc.edu.cn/simple/bottle/), version: 0.11.5
    Found link http://pypi.mirrors.ustc.edu.cn/packages/source/b/bottle/bottle-0.11.6.tar.gz#md5=0bafdc4e13ea2b1a3bddf36b5af108c4 (from http://pypi.mirrors.ustc.edu.cn/simple/bottle/), version: 0.11.6
    Found link http://pypi.mirrors.ustc.edu.cn/packages/source/b/bottle/bottle-0.11.7.tar.gz#md5=a53c622453d6e3d893e7fd3790c5bd7a (from http://pypi.mirrors.ustc.edu.cn/simple/bottle/), version: 0.11.7
    Found link http://pypi.mirrors.ustc.edu.cn/packages/source/b/bottle/bottle-0.12.1.tar.gz#md5=ea5ecd9b1b2c31513d8eba4b39e26991 (from http://pypi.mirrors.ustc.edu.cn/simple/bottle/), version: 0.12.1
    Found link http://pypi.mirrors.ustc.edu.cn/packages/source/b/bottle/bottle-0.12.2.tar.gz#md5=33d76887ee5f90dc33d0642be1eb3134 (from http://pypi.mirrors.ustc.edu.cn/simple/bottle/), version: 0.12.2
    Found link http://pypi.mirrors.ustc.edu.cn/packages/source/b/bottle/bottle-0.12.3.tar.gz#md5=31fd7027f8fb72281ed0584214108730 (from http://pypi.mirrors.ustc.edu.cn/simple/bottle/), version: 0.12.3
    Found link http://pypi.mirrors.ustc.edu.cn/packages/source/b/bottle/bottle-0.12.4.tar.gz#md5=638af3414f3d4ae0a79152916d373bae (from http://pypi.mirrors.ustc.edu.cn/simple/bottle/), version: 0.12.4
    Found link http://pypi.mirrors.ustc.edu.cn/packages/source/b/bottle/bottle-0.12.5.tar.gz#md5=3bfd6aa9459ab88ad9a7e50ecd7149e4 (from http://pypi.mirrors.ustc.edu.cn/simple/bottle/), version: 0.12.5
    Found link http://pypi.mirrors.ustc.edu.cn/packages/source/b/bottle/bottle-0.12.6.tar.gz#md5=3d6c5a115bc6a2e984a6d4b72d84e7c5 (from http://pypi.mirrors.ustc.edu.cn/simple/bottle/), version: 0.12.6
    Found link http://pypi.mirrors.ustc.edu.cn/packages/source/b/bottle/bottle-0.12.7.tar.gz#md5=ed0b83c9dbbdbde784e7c652d61c59f4 (from http://pypi.mirrors.ustc.edu.cn/simple/bottle/), version: 0.12.7
    Found link http://pypi.mirrors.ustc.edu.cn/packages/source/b/bottle/bottle-0.12.8.tar.gz#md5=13132c0a8f607bf860810a6ee9064c5b (from http://pypi.mirrors.ustc.edu.cn/simple/bottle/), version: 0.12.8
    Found link http://pypi.mirrors.ustc.edu.cn/packages/source/b/bottle/bottle-0.4.10.tar.gz#md5=b8284c73d7507287e82982bd045ce074 (from http://pypi.mirrors.ustc.edu.cn/simple/bottle/), version: 0.4.10
    Found link http://pypi.mirrors.ustc.edu.cn/packages/source/b/bottle/bottle-0.4.11.tar.gz#md5=a12823f26db1109aff576cd582873754 (from http://pypi.mirrors.ustc.edu.cn/simple/bottle/), version: 0.4.11
    Found link http://pypi.mirrors.ustc.edu.cn/packages/source/b/bottle/bottle-0.4.12.tar.gz#md5=5fe92cdec9af07fd49b42fbd4301c83a (from http://pypi.mirrors.ustc.edu.cn/simple/bottle/), version: 0.4.12
    Found link http://pypi.mirrors.ustc.edu.cn/packages/source/b/bottle/bottle-0.4.13.tar.gz#md5=60ad4d356db43f26d8300080bd307155 (from http://pypi.mirrors.ustc.edu.cn/simple/bottle/), version: 0.4.13
    Found link http://pypi.mirrors.ustc.edu.cn/packages/source/b/bottle/bottle-0.4.14.tar.gz#md5=694f971e395ea7bee0a9270166931aca (from http://pypi.mirrors.ustc.edu.cn/simple/bottle/), version: 0.4.14
    Found link http://pypi.mirrors.ustc.edu.cn/packages/source/b/bottle/bottle-0.4.3.tar.gz#md5=63c21b690eec371e9bc4c22b87baa437 (from http://pypi.mirrors.ustc.edu.cn/simple/bottle/), version: 0.4.3
    Found link http://pypi.mirrors.ustc.edu.cn/packages/source/b/bottle/bottle-0.4.4.tar.gz#md5=8c79baedb8b620e6ef8c62520759f7a6 (from http://pypi.mirrors.ustc.edu.cn/simple/bottle/), version: 0.4.4
    Found link http://pypi.mirrors.ustc.edu.cn/packages/source/b/bottle/bottle-0.4.6.tar.gz#md5=a4a451447f9cbed598966dd254a78253 (from http://pypi.mirrors.ustc.edu.cn/simple/bottle/), version: 0.4.6
    Found link http://pypi.mirrors.ustc.edu.cn/packages/source/b/bottle/bottle-0.4.7.tar.gz#md5=6f5f160b5f9376f50d2f7dbeff5cba72 (from http://pypi.mirrors.ustc.edu.cn/simple/bottle/), version: 0.4.7
    Found link http://pypi.mirrors.ustc.edu.cn/packages/source/b/bottle/bottle-0.4.8.tar.gz#md5=77b4d245d09f2b7e2b4218e86196f689 (from http://pypi.mirrors.ustc.edu.cn/simple/bottle/), version: 0.4.8
    Found link http://pypi.mirrors.ustc.edu.cn/packages/source/b/bottle/bottle-0.4.9.tar.gz#md5=6fdc518d5bc8998e60101864067c51d3 (from http://pypi.mirrors.ustc.edu.cn/simple/bottle/), version: 0.4.9
    Found link http://pypi.mirrors.ustc.edu.cn/packages/source/b/bottle/bottle-0.5.3.tar.gz#md5=d0e5afbc435df3b2ce3e093b966f7d71 (from http://pypi.mirrors.ustc.edu.cn/simple/bottle/), version: 0.5.3
    Found link http://pypi.mirrors.ustc.edu.cn/packages/source/b/bottle/bottle-0.5.4.tar.gz#md5=092b5ee870e536107fed81268d95946a (from http://pypi.mirrors.ustc.edu.cn/simple/bottle/), version: 0.5.4
    Found link http://pypi.mirrors.ustc.edu.cn/packages/source/b/bottle/bottle-0.5.6.tar.gz#md5=81d79b402cdecf20e642fa74c547bc9b (from http://pypi.mirrors.ustc.edu.cn/simple/bottle/), version: 0.5.6
    Found link http://pypi.mirrors.ustc.edu.cn/packages/source/b/bottle/bottle-0.5.7.tar.gz#md5=6fd18b5ebd6b9123954dfe63d51e0e41 (from http://pypi.mirrors.ustc.edu.cn/simple/bottle/), version: 0.5.7
    Found link http://pypi.mirrors.ustc.edu.cn/packages/source/b/bottle/bottle-0.5.8.tar.gz#md5=959b253063be523ba3b4523ac31ff5f2 (from http://pypi.mirrors.ustc.edu.cn/simple/bottle/), version: 0.5.8
    Found link http://pypi.mirrors.ustc.edu.cn/packages/source/b/bottle/bottle-0.6.0.tar.gz#md5=ba3c5c4905086165c4631d6fc1ff7336 (from http://pypi.mirrors.ustc.edu.cn/simple/bottle/), version: 0.6.0
    Found link http://pypi.mirrors.ustc.edu.cn/packages/source/b/bottle/bottle-0.6.1.tar.gz#md5=c711ffffe598501d11a9ea610a3f33f9 (from http://pypi.mirrors.ustc.edu.cn/simple/bottle/), version: 0.6.1
    Found link http://pypi.mirrors.ustc.edu.cn/packages/source/b/bottle/bottle-0.6.2.tar.gz#md5=fd6c79244917c7b1833124697451b019 (from http://pypi.mirrors.ustc.edu.cn/simple/bottle/), version: 0.6.2
    Found link http://pypi.mirrors.ustc.edu.cn/packages/source/b/bottle/bottle-0.6.3.tar.gz#md5=c9f708993e01dbf2a31148175c1a87a5 (from http://pypi.mirrors.ustc.edu.cn/simple/bottle/), version: 0.6.3
    Found link http://pypi.mirrors.ustc.edu.cn/packages/source/b/bottle/bottle-0.6.4.tar.gz#md5=fc4603408ab61de55441a0c9192fe488 (from http://pypi.mirrors.ustc.edu.cn/simple/bottle/), version: 0.6.4
    Found link http://pypi.mirrors.ustc.edu.cn/packages/source/b/bottle/bottle-0.6.5.tar.gz#md5=b3d73d40e0efec27faf2f78e436cba5b (from http://pypi.mirrors.ustc.edu.cn/simple/bottle/), version: 0.6.5
    Found link http://pypi.mirrors.ustc.edu.cn/packages/source/b/bottle/bottle-0.6.6.tar.gz#md5=2278bcfbc3b38227d1e90faf265c6f0a (from http://pypi.mirrors.ustc.edu.cn/simple/bottle/), version: 0.6.6
    Found link http://pypi.mirrors.ustc.edu.cn/packages/source/b/bottle/bottle-0.8.1.tar.gz#md5=e6287c634e676a54459a1c4676d48d3d (from http://pypi.mirrors.ustc.edu.cn/simple/bottle/), version: 0.8.1
    Found link http://pypi.mirrors.ustc.edu.cn/packages/source/b/bottle/bottle-0.8.2.tar.gz#md5=e2d3951fa1cacc2144fa53be9c3365db (from http://pypi.mirrors.ustc.edu.cn/simple/bottle/), version: 0.8.2
    Found link http://pypi.mirrors.ustc.edu.cn/packages/source/b/bottle/bottle-0.8.3.tar.gz#md5=8d0c8282d8311dc63099f98d362f2e63 (from http://pypi.mirrors.ustc.edu.cn/simple/bottle/), version: 0.8.3
    Found link http://pypi.mirrors.ustc.edu.cn/packages/source/b/bottle/bottle-0.8.4.tar.gz#md5=2bc00e5c5f5c83931ae3b3ad1f41bc54 (from http://pypi.mirrors.ustc.edu.cn/simple/bottle/), version: 0.8.4
    Found link http://pypi.mirrors.ustc.edu.cn/packages/source/b/bottle/bottle-0.8.5.tar.gz#md5=10e58aa1ef4fe66a9e99153df5dc1b09 (from http://pypi.mirrors.ustc.edu.cn/simple/bottle/), version: 0.8.5
    Found link http://pypi.mirrors.ustc.edu.cn/packages/source/b/bottle/bottle-0.9.1.tar.gz#md5=5be3d467420e24629934dcadce08b87a (from http://pypi.mirrors.ustc.edu.cn/simple/bottle/), version: 0.9.1
    Found link http://pypi.mirrors.ustc.edu.cn/packages/source/b/bottle/bottle-0.9.2.tar.gz#md5=216d51519155c6157c60179e3fce9223 (from http://pypi.mirrors.ustc.edu.cn/simple/bottle/), version: 0.9.2
    Found link http://pypi.mirrors.ustc.edu.cn/packages/source/b/bottle/bottle-0.9.3.tar.gz#md5=f5fa6f40cf0a4033004fba6220f0db61 (from http://pypi.mirrors.ustc.edu.cn/simple/bottle/), version: 0.9.3
    Found link http://pypi.mirrors.ustc.edu.cn/packages/source/b/bottle/bottle-0.9.4.tar.gz#md5=3b4308a73f0a7019e0f0999f55bf8e1a (from http://pypi.mirrors.ustc.edu.cn/simple/bottle/), version: 0.9.4
    Found link http://pypi.mirrors.ustc.edu.cn/packages/source/b/bottle/bottle-0.9.5.tar.gz#md5=d87cb9aa846003163aeda29226ae1e9c (from http://pypi.mirrors.ustc.edu.cn/simple/bottle/), version: 0.9.5
    Found link http://pypi.mirrors.ustc.edu.cn/packages/source/b/bottle/bottle-0.9.6.tar.gz#md5=f48c992ad58e2e47289388cbf4df97fb (from http://pypi.mirrors.ustc.edu.cn/simple/bottle/), version: 0.9.6
    Found link http://pypi.mirrors.ustc.edu.cn/packages/source/b/bottle/bottle-0.9.7.tar.gz#md5=eb4faa6a519251928e4bb737db4217ae (from http://pypi.mirrors.ustc.edu.cn/simple/bottle/), version: 0.9.7
    Found link http://pypi.mirrors.ustc.edu.cn/packages/source/b/bottle/bottle-0.9.8.tar.gz#md5=d7c5d0253eec73ba2be7964b53588336 (from http://pypi.mirrors.ustc.edu.cn/simple/bottle/), version: 0.9.8
  Ignoring link https://pypi.tuna.tsinghua.edu.cn/packages/3.3/b/bottle/bottle-0.11.6-py2.py3-none-any.whl#md5=24908fbcefae4118b8ed24a30184c638 (from https://pypi.tuna.tsinghua.edu.cn/simple/bottle/), version 0.11.6 doesn't match ==0.4
  Ignoring link https://pypi.tuna.tsinghua.edu.cn/packages/source/b/bottle/bottle-0.10.1.tar.gz#md5=2107cde18f0461d131d7b23197c72add (from https://pypi.tuna.tsinghua.edu.cn/simple/bottle/), version 0.10.1 doesn't match ==0.4
  Ignoring link https://pypi.tuna.tsinghua.edu.cn/packages/source/b/bottle/bottle-0.10.10.tar.gz#md5=197466688d038035e01eb4fd2b620a74 (from https://pypi.tuna.tsinghua.edu.cn/simple/bottle/), version 0.10.10 doesn't match ==0.4
  Ignoring link https://pypi.tuna.tsinghua.edu.cn/packages/source/b/bottle/bottle-0.10.11.tar.gz#md5=d4e97c040b3f296ab55f43d8c7e96c9e (from https://pypi.tuna.tsinghua.edu.cn/simple/bottle/), version 0.10.11 doesn't match ==0.4
  Ignoring link https://pypi.tuna.tsinghua.edu.cn/packages/source/b/bottle/bottle-0.10.12.tar.gz#md5=41c7a801b98882cd08f262da8a9a5c38 (from https://pypi.tuna.tsinghua.edu.cn/simple/bottle/), version 0.10.12 doesn't match ==0.4
  Ignoring link https://pypi.tuna.tsinghua.edu.cn/packages/source/b/bottle/bottle-0.10.2.tar.gz#md5=a49bbea56b252cb786beccbeea9cdb90 (from https://pypi.tuna.tsinghua.edu.cn/simple/bottle/), version 0.10.2 doesn't match ==0.4
  Ignoring link https://pypi.tuna.tsinghua.edu.cn/packages/source/b/bottle/bottle-0.10.3.tar.gz#md5=ce8deeb524a7aa034aa620391c25c3db (from https://pypi.tuna.tsinghua.edu.cn/simple/bottle/), version 0.10.3 doesn't match ==0.4
  Ignoring link https://pypi.tuna.tsinghua.edu.cn/packages/source/b/bottle/bottle-0.10.4.tar.gz#md5=19be83242ac9e8c15e97dbced2631c64 (from https://pypi.tuna.tsinghua.edu.cn/simple/bottle/), version 0.10.4 doesn't match ==0.4
  Ignoring link https://pypi.tuna.tsinghua.edu.cn/packages/source/b/bottle/bottle-0.10.5.tar.gz#md5=edd08bc6d3c361fe145e53a773e0e192 (from https://pypi.tuna.tsinghua.edu.cn/simple/bottle/), version 0.10.5 doesn't match ==0.4
  Ignoring link https://pypi.tuna.tsinghua.edu.cn/packages/source/b/bottle/bottle-0.10.6.tar.gz#md5=aa2e2cc9e69450e6b8b1776f59d56686 (from https://pypi.tuna.tsinghua.edu.cn/simple/bottle/), version 0.10.6 doesn't match ==0.4
  Ignoring link https://pypi.tuna.tsinghua.edu.cn/packages/source/b/bottle/bottle-0.10.7.tar.gz#md5=37894c167ca8eb20251827ebdd8a4e6d (from https://pypi.tuna.tsinghua.edu.cn/simple/bottle/), version 0.10.7 doesn't match ==0.4
  Ignoring link https://pypi.tuna.tsinghua.edu.cn/packages/source/b/bottle/bottle-0.10.8.tar.gz#md5=c11cd8314060472933e7cbdc99c382bf (from https://pypi.tuna.tsinghua.edu.cn/simple/bottle/), version 0.10.8 doesn't match ==0.4
  Ignoring link https://pypi.tuna.tsinghua.edu.cn/packages/source/b/bottle/bottle-0.10.9.tar.gz#md5=e6ec6b37d2e0231d34c9625e106b965f (from https://pypi.tuna.tsinghua.edu.cn/simple/bottle/), version 0.10.9 doesn't match ==0.4
  Ignoring link https://pypi.tuna.tsinghua.edu.cn/packages/source/b/bottle/bottle-0.11.1.tar.gz#md5=e9c8ca81b352c7b0b2d60c9afabbb919 (from https://pypi.tuna.tsinghua.edu.cn/simple/bottle/), version 0.11.1 doesn't match ==0.4
  Ignoring link https://pypi.tuna.tsinghua.edu.cn/packages/source/b/bottle/bottle-0.11.2.tar.gz#md5=68ac84bfafcd36b335fd2e0042b5724f (from https://pypi.tuna.tsinghua.edu.cn/simple/bottle/), version 0.11.2 doesn't match ==0.4
  Ignoring link https://pypi.tuna.tsinghua.edu.cn/packages/source/b/bottle/bottle-0.11.3.tar.gz#md5=e911ebc5f371f696e4c23ab85f48b324 (from https://pypi.tuna.tsinghua.edu.cn/simple/bottle/), version 0.11.3 doesn't match ==0.4
  Ignoring link https://pypi.tuna.tsinghua.edu.cn/packages/source/b/bottle/bottle-0.11.4.tar.gz#md5=f767c340de0b7c9581917c48e609479b (from https://pypi.tuna.tsinghua.edu.cn/simple/bottle/), version 0.11.4 doesn't match ==0.4
  Ignoring link https://pypi.tuna.tsinghua.edu.cn/packages/source/b/bottle/bottle-0.11.5.tar.gz#md5=4fc1e349e628bc378a5a5b3c2e83d9b1 (from https://pypi.tuna.tsinghua.edu.cn/simple/bottle/), version 0.11.5 doesn't match ==0.4
  Ignoring link https://pypi.tuna.tsinghua.edu.cn/packages/source/b/bottle/bottle-0.11.6.tar.gz#md5=0bafdc4e13ea2b1a3bddf36b5af108c4 (from https://pypi.tuna.tsinghua.edu.cn/simple/bottle/), version 0.11.6 doesn't match ==0.4
  Ignoring link https://pypi.tuna.tsinghua.edu.cn/packages/source/b/bottle/bottle-0.11.7.tar.gz#md5=a53c622453d6e3d893e7fd3790c5bd7a (from https://pypi.tuna.tsinghua.edu.cn/simple/bottle/), version 0.11.7 doesn't match ==0.4
  Ignoring link https://pypi.tuna.tsinghua.edu.cn/packages/source/b/bottle/bottle-0.12.1.tar.gz#md5=ea5ecd9b1b2c31513d8eba4b39e26991 (from https://pypi.tuna.tsinghua.edu.cn/simple/bottle/), version 0.12.1 doesn't match ==0.4
  Ignoring link https://pypi.tuna.tsinghua.edu.cn/packages/source/b/bottle/bottle-0.12.2.tar.gz#md5=33d76887ee5f90dc33d0642be1eb3134 (from https://pypi.tuna.tsinghua.edu.cn/simple/bottle/), version 0.12.2 doesn't match ==0.4
  Ignoring link https://pypi.tuna.tsinghua.edu.cn/packages/source/b/bottle/bottle-0.12.3.tar.gz#md5=31fd7027f8fb72281ed0584214108730 (from https://pypi.tuna.tsinghua.edu.cn/simple/bottle/), version 0.12.3 doesn't match ==0.4
  Ignoring link https://pypi.tuna.tsinghua.edu.cn/packages/source/b/bottle/bottle-0.12.4.tar.gz#md5=638af3414f3d4ae0a79152916d373bae (from https://pypi.tuna.tsinghua.edu.cn/simple/bottle/), version 0.12.4 doesn't match ==0.4
  Ignoring link https://pypi.tuna.tsinghua.edu.cn/packages/source/b/bottle/bottle-0.12.5.tar.gz#md5=3bfd6aa9459ab88ad9a7e50ecd7149e4 (from https://pypi.tuna.tsinghua.edu.cn/simple/bottle/), version 0.12.5 doesn't match ==0.4
  Ignoring link https://pypi.tuna.tsinghua.edu.cn/packages/source/b/bottle/bottle-0.12.6.tar.gz#md5=3d6c5a115bc6a2e984a6d4b72d84e7c5 (from https://pypi.tuna.tsinghua.edu.cn/simple/bottle/), version 0.12.6 doesn't match ==0.4
  Ignoring link https://pypi.tuna.tsinghua.edu.cn/packages/source/b/bottle/bottle-0.12.7.tar.gz#md5=ed0b83c9dbbdbde784e7c652d61c59f4 (from https://pypi.tuna.tsinghua.edu.cn/simple/bottle/), version 0.12.7 doesn't match ==0.4
  Ignoring link https://pypi.tuna.tsinghua.edu.cn/packages/source/b/bottle/bottle-0.12.8.tar.gz#md5=13132c0a8f607bf860810a6ee9064c5b (from https://pypi.tuna.tsinghua.edu.cn/simple/bottle/), version 0.12.8 doesn't match ==0.4
  Ignoring link https://pypi.tuna.tsinghua.edu.cn/packages/source/b/bottle/bottle-0.4.10.tar.gz#md5=b8284c73d7507287e82982bd045ce074 (from https://pypi.tuna.tsinghua.edu.cn/simple/bottle/), version 0.4.10 doesn't match ==0.4
  Ignoring link https://pypi.tuna.tsinghua.edu.cn/packages/source/b/bottle/bottle-0.4.11.tar.gz#md5=a12823f26db1109aff576cd582873754 (from https://pypi.tuna.tsinghua.edu.cn/simple/bottle/), version 0.4.11 doesn't match ==0.4
  Ignoring link https://pypi.tuna.tsinghua.edu.cn/packages/source/b/bottle/bottle-0.4.12.tar.gz#md5=5fe92cdec9af07fd49b42fbd4301c83a (from https://pypi.tuna.tsinghua.edu.cn/simple/bottle/), version 0.4.12 doesn't match ==0.4
  Ignoring link https://pypi.tuna.tsinghua.edu.cn/packages/source/b/bottle/bottle-0.4.13.tar.gz#md5=60ad4d356db43f26d8300080bd307155 (from https://pypi.tuna.tsinghua.edu.cn/simple/bottle/), version 0.4.13 doesn't match ==0.4
  Ignoring link https://pypi.tuna.tsinghua.edu.cn/packages/source/b/bottle/bottle-0.4.14.tar.gz#md5=694f971e395ea7bee0a9270166931aca (from https://pypi.tuna.tsinghua.edu.cn/simple/bottle/), version 0.4.14 doesn't match ==0.4
  Ignoring link https://pypi.tuna.tsinghua.edu.cn/packages/source/b/bottle/bottle-0.4.3.tar.gz#md5=63c21b690eec371e9bc4c22b87baa437 (from https://pypi.tuna.tsinghua.edu.cn/simple/bottle/), version 0.4.3 doesn't match ==0.4
  Ignoring link https://pypi.tuna.tsinghua.edu.cn/packages/source/b/bottle/bottle-0.4.4.tar.gz#md5=8c79baedb8b620e6ef8c62520759f7a6 (from https://pypi.tuna.tsinghua.edu.cn/simple/bottle/), version 0.4.4 doesn't match ==0.4
  Ignoring link https://pypi.tuna.tsinghua.edu.cn/packages/source/b/bottle/bottle-0.4.6.tar.gz#md5=a4a451447f9cbed598966dd254a78253 (from https://pypi.tuna.tsinghua.edu.cn/simple/bottle/), version 0.4.6 doesn't match ==0.4
  Ignoring link https://pypi.tuna.tsinghua.edu.cn/packages/source/b/bottle/bottle-0.4.7.tar.gz#md5=6f5f160b5f9376f50d2f7dbeff5cba72 (from https://pypi.tuna.tsinghua.edu.cn/simple/bottle/), version 0.4.7 doesn't match ==0.4
  Ignoring link https://pypi.tuna.tsinghua.edu.cn/packages/source/b/bottle/bottle-0.4.8.tar.gz#md5=77b4d245d09f2b7e2b4218e86196f689 (from https://pypi.tuna.tsinghua.edu.cn/simple/bottle/), version 0.4.8 doesn't match ==0.4
  Ignoring link https://pypi.tuna.tsinghua.edu.cn/packages/source/b/bottle/bottle-0.4.9.tar.gz#md5=6fdc518d5bc8998e60101864067c51d3 (from https://pypi.tuna.tsinghua.edu.cn/simple/bottle/), version 0.4.9 doesn't match ==0.4
  Ignoring link https://pypi.tuna.tsinghua.edu.cn/packages/source/b/bottle/bottle-0.5.3.tar.gz#md5=d0e5afbc435df3b2ce3e093b966f7d71 (from https://pypi.tuna.tsinghua.edu.cn/simple/bottle/), version 0.5.3 doesn't match ==0.4
  Ignoring link https://pypi.tuna.tsinghua.edu.cn/packages/source/b/bottle/bottle-0.5.4.tar.gz#md5=092b5ee870e536107fed81268d95946a (from https://pypi.tuna.tsinghua.edu.cn/simple/bottle/), version 0.5.4 doesn't match ==0.4
  Ignoring link https://pypi.tuna.tsinghua.edu.cn/packages/source/b/bottle/bottle-0.5.6.tar.gz#md5=81d79b402cdecf20e642fa74c547bc9b (from https://pypi.tuna.tsinghua.edu.cn/simple/bottle/), version 0.5.6 doesn't match ==0.4
  Ignoring link https://pypi.tuna.tsinghua.edu.cn/packages/source/b/bottle/bottle-0.5.7.tar.gz#md5=6fd18b5ebd6b9123954dfe63d51e0e41 (from https://pypi.tuna.tsinghua.edu.cn/simple/bottle/), version 0.5.7 doesn't match ==0.4
  Ignoring link https://pypi.tuna.tsinghua.edu.cn/packages/source/b/bottle/bottle-0.5.8.tar.gz#md5=959b253063be523ba3b4523ac31ff5f2 (from https://pypi.tuna.tsinghua.edu.cn/simple/bottle/), version 0.5.8 doesn't match ==0.4
  Ignoring link https://pypi.tuna.tsinghua.edu.cn/packages/source/b/bottle/bottle-0.6.0.tar.gz#md5=ba3c5c4905086165c4631d6fc1ff7336 (from https://pypi.tuna.tsinghua.edu.cn/simple/bottle/), version 0.6.0 doesn't match ==0.4
  Ignoring link https://pypi.tuna.tsinghua.edu.cn/packages/source/b/bottle/bottle-0.6.1.tar.gz#md5=c711ffffe598501d11a9ea610a3f33f9 (from https://pypi.tuna.tsinghua.edu.cn/simple/bottle/), version 0.6.1 doesn't match ==0.4
  Ignoring link https://pypi.tuna.tsinghua.edu.cn/packages/source/b/bottle/bottle-0.6.2.tar.gz#md5=fd6c79244917c7b1833124697451b019 (from https://pypi.tuna.tsinghua.edu.cn/simple/bottle/), version 0.6.2 doesn't match ==0.4
  Ignoring link https://pypi.tuna.tsinghua.edu.cn/packages/source/b/bottle/bottle-0.6.3.tar.gz#md5=c9f708993e01dbf2a31148175c1a87a5 (from https://pypi.tuna.tsinghua.edu.cn/simple/bottle/), version 0.6.3 doesn't match ==0.4
  Ignoring link https://pypi.tuna.tsinghua.edu.cn/packages/source/b/bottle/bottle-0.6.4.tar.gz#md5=fc4603408ab61de55441a0c9192fe488 (from https://pypi.tuna.tsinghua.edu.cn/simple/bottle/), version 0.6.4 doesn't match ==0.4
  Ignoring link https://pypi.tuna.tsinghua.edu.cn/packages/source/b/bottle/bottle-0.6.5.tar.gz#md5=b3d73d40e0efec27faf2f78e436cba5b (from https://pypi.tuna.tsinghua.edu.cn/simple/bottle/), version 0.6.5 doesn't match ==0.4
  Ignoring link https://pypi.tuna.tsinghua.edu.cn/packages/source/b/bottle/bottle-0.6.6.tar.gz#md5=2278bcfbc3b38227d1e90faf265c6f0a (from https://pypi.tuna.tsinghua.edu.cn/simple/bottle/), version 0.6.6 doesn't match ==0.4
  Ignoring link https://pypi.tuna.tsinghua.edu.cn/packages/source/b/bottle/bottle-0.8.1.tar.gz#md5=e6287c634e676a54459a1c4676d48d3d (from https://pypi.tuna.tsinghua.edu.cn/simple/bottle/), version 0.8.1 doesn't match ==0.4
  Ignoring link https://pypi.tuna.tsinghua.edu.cn/packages/source/b/bottle/bottle-0.8.2.tar.gz#md5=e2d3951fa1cacc2144fa53be9c3365db (from https://pypi.tuna.tsinghua.edu.cn/simple/bottle/), version 0.8.2 doesn't match ==0.4
  Ignoring link https://pypi.tuna.tsinghua.edu.cn/packages/source/b/bottle/bottle-0.8.3.tar.gz#md5=8d0c8282d8311dc63099f98d362f2e63 (from https://pypi.tuna.tsinghua.edu.cn/simple/bottle/), version 0.8.3 doesn't match ==0.4
  Ignoring link https://pypi.tuna.tsinghua.edu.cn/packages/source/b/bottle/bottle-0.8.4.tar.gz#md5=2bc00e5c5f5c83931ae3b3ad1f41bc54 (from https://pypi.tuna.tsinghua.edu.cn/simple/bottle/), version 0.8.4 doesn't match ==0.4
  Ignoring link https://pypi.tuna.tsinghua.edu.cn/packages/source/b/bottle/bottle-0.8.5.tar.gz#md5=10e58aa1ef4fe66a9e99153df5dc1b09 (from https://pypi.tuna.tsinghua.edu.cn/simple/bottle/), version 0.8.5 doesn't match ==0.4
  Ignoring link https://pypi.tuna.tsinghua.edu.cn/packages/source/b/bottle/bottle-0.9.1.tar.gz#md5=5be3d467420e24629934dcadce08b87a (from https://pypi.tuna.tsinghua.edu.cn/simple/bottle/), version 0.9.1 doesn't match ==0.4
  Ignoring link https://pypi.tuna.tsinghua.edu.cn/packages/source/b/bottle/bottle-0.9.2.tar.gz#md5=216d51519155c6157c60179e3fce9223 (from https://pypi.tuna.tsinghua.edu.cn/simple/bottle/), version 0.9.2 doesn't match ==0.4
  Ignoring link https://pypi.tuna.tsinghua.edu.cn/packages/source/b/bottle/bottle-0.9.3.tar.gz#md5=f5fa6f40cf0a4033004fba6220f0db61 (from https://pypi.tuna.tsinghua.edu.cn/simple/bottle/), version 0.9.3 doesn't match ==0.4
  Ignoring link https://pypi.tuna.tsinghua.edu.cn/packages/source/b/bottle/bottle-0.9.4.tar.gz#md5=3b4308a73f0a7019e0f0999f55bf8e1a (from https://pypi.tuna.tsinghua.edu.cn/simple/bottle/), version 0.9.4 doesn't match ==0.4
  Ignoring link https://pypi.tuna.tsinghua.edu.cn/packages/source/b/bottle/bottle-0.9.5.tar.gz#md5=d87cb9aa846003163aeda29226ae1e9c (from https://pypi.tuna.tsinghua.edu.cn/simple/bottle/), version 0.9.5 doesn't match ==0.4
  Ignoring link https://pypi.tuna.tsinghua.edu.cn/packages/source/b/bottle/bottle-0.9.6.tar.gz#md5=f48c992ad58e2e47289388cbf4df97fb (from https://pypi.tuna.tsinghua.edu.cn/simple/bottle/), version 0.9.6 doesn't match ==0.4
  Ignoring link https://pypi.tuna.tsinghua.edu.cn/packages/source/b/bottle/bottle-0.9.7.tar.gz#md5=eb4faa6a519251928e4bb737db4217ae (from https://pypi.tuna.tsinghua.edu.cn/simple/bottle/), version 0.9.7 doesn't match ==0.4
  Ignoring link https://pypi.tuna.tsinghua.edu.cn/packages/source/b/bottle/bottle-0.9.8.tar.gz#md5=d7c5d0253eec73ba2be7964b53588336 (from https://pypi.tuna.tsinghua.edu.cn/simple/bottle/), version 0.9.8 doesn't match ==0.4
  Ignoring link http://pypi.mirrors.ustc.edu.cn/packages/3.3/b/bottle/bottle-0.11.6-py2.py3-none-any.whl#md5=24908fbcefae4118b8ed24a30184c638 (from http://pypi.mirrors.ustc.edu.cn/simple/bottle/), version 0.11.6 doesn't match ==0.4
  Ignoring link http://pypi.mirrors.ustc.edu.cn/packages/source/b/bottle/bottle-0.10.1.tar.gz#md5=2107cde18f0461d131d7b23197c72add (from http://pypi.mirrors.ustc.edu.cn/simple/bottle/), version 0.10.1 doesn't match ==0.4
  Ignoring link http://pypi.mirrors.ustc.edu.cn/packages/source/b/bottle/bottle-0.10.10.tar.gz#md5=197466688d038035e01eb4fd2b620a74 (from http://pypi.mirrors.ustc.edu.cn/simple/bottle/), version 0.10.10 doesn't match ==0.4
  Ignoring link http://pypi.mirrors.ustc.edu.cn/packages/source/b/bottle/bottle-0.10.11.tar.gz#md5=d4e97c040b3f296ab55f43d8c7e96c9e (from http://pypi.mirrors.ustc.edu.cn/simple/bottle/), version 0.10.11 doesn't match ==0.4
  Ignoring link http://pypi.mirrors.ustc.edu.cn/packages/source/b/bottle/bottle-0.10.12.tar.gz#md5=41c7a801b98882cd08f262da8a9a5c38 (from http://pypi.mirrors.ustc.edu.cn/simple/bottle/), version 0.10.12 doesn't match ==0.4
  Ignoring link http://pypi.mirrors.ustc.edu.cn/packages/source/b/bottle/bottle-0.10.2.tar.gz#md5=a49bbea56b252cb786beccbeea9cdb90 (from http://pypi.mirrors.ustc.edu.cn/simple/bottle/), version 0.10.2 doesn't match ==0.4
  Ignoring link http://pypi.mirrors.ustc.edu.cn/packages/source/b/bottle/bottle-0.10.3.tar.gz#md5=ce8deeb524a7aa034aa620391c25c3db (from http://pypi.mirrors.ustc.edu.cn/simple/bottle/), version 0.10.3 doesn't match ==0.4
  Ignoring link http://pypi.mirrors.ustc.edu.cn/packages/source/b/bottle/bottle-0.10.4.tar.gz#md5=19be83242ac9e8c15e97dbced2631c64 (from http://pypi.mirrors.ustc.edu.cn/simple/bottle/), version 0.10.4 doesn't match ==0.4
  Ignoring link http://pypi.mirrors.ustc.edu.cn/packages/source/b/bottle/bottle-0.10.5.tar.gz#md5=edd08bc6d3c361fe145e53a773e0e192 (from http://pypi.mirrors.ustc.edu.cn/simple/bottle/), version 0.10.5 doesn't match ==0.4
  Ignoring link http://pypi.mirrors.ustc.edu.cn/packages/source/b/bottle/bottle-0.10.6.tar.gz#md5=aa2e2cc9e69450e6b8b1776f59d56686 (from http://pypi.mirrors.ustc.edu.cn/simple/bottle/), version 0.10.6 doesn't match ==0.4
  Ignoring link http://pypi.mirrors.ustc.edu.cn/packages/source/b/bottle/bottle-0.10.7.tar.gz#md5=37894c167ca8eb20251827ebdd8a4e6d (from http://pypi.mirrors.ustc.edu.cn/simple/bottle/), version 0.10.7 doesn't match ==0.4
  Ignoring link http://pypi.mirrors.ustc.edu.cn/packages/source/b/bottle/bottle-0.10.8.tar.gz#md5=c11cd8314060472933e7cbdc99c382bf (from http://pypi.mirrors.ustc.edu.cn/simple/bottle/), version 0.10.8 doesn't match ==0.4
  Ignoring link http://pypi.mirrors.ustc.edu.cn/packages/source/b/bottle/bottle-0.10.9.tar.gz#md5=e6ec6b37d2e0231d34c9625e106b965f (from http://pypi.mirrors.ustc.edu.cn/simple/bottle/), version 0.10.9 doesn't match ==0.4
  Ignoring link http://pypi.mirrors.ustc.edu.cn/packages/source/b/bottle/bottle-0.11.1.tar.gz#md5=e9c8ca81b352c7b0b2d60c9afabbb919 (from http://pypi.mirrors.ustc.edu.cn/simple/bottle/), version 0.11.1 doesn't match ==0.4
  Ignoring link http://pypi.mirrors.ustc.edu.cn/packages/source/b/bottle/bottle-0.11.2.tar.gz#md5=68ac84bfafcd36b335fd2e0042b5724f (from http://pypi.mirrors.ustc.edu.cn/simple/bottle/), version 0.11.2 doesn't match ==0.4
  Ignoring link http://pypi.mirrors.ustc.edu.cn/packages/source/b/bottle/bottle-0.11.3.tar.gz#md5=e911ebc5f371f696e4c23ab85f48b324 (from http://pypi.mirrors.ustc.edu.cn/simple/bottle/), version 0.11.3 doesn't match ==0.4
  Ignoring link http://pypi.mirrors.ustc.edu.cn/packages/source/b/bottle/bottle-0.11.4.tar.gz#md5=f767c340de0b7c9581917c48e609479b (from http://pypi.mirrors.ustc.edu.cn/simple/bottle/), version 0.11.4 doesn't match ==0.4
  Ignoring link http://pypi.mirrors.ustc.edu.cn/packages/source/b/bottle/bottle-0.11.5.tar.gz#md5=4fc1e349e628bc378a5a5b3c2e83d9b1 (from http://pypi.mirrors.ustc.edu.cn/simple/bottle/), version 0.11.5 doesn't match ==0.4
  Ignoring link http://pypi.mirrors.ustc.edu.cn/packages/source/b/bottle/bottle-0.11.6.tar.gz#md5=0bafdc4e13ea2b1a3bddf36b5af108c4 (from http://pypi.mirrors.ustc.edu.cn/simple/bottle/), version 0.11.6 doesn't match ==0.4
  Ignoring link http://pypi.mirrors.ustc.edu.cn/packages/source/b/bottle/bottle-0.11.7.tar.gz#md5=a53c622453d6e3d893e7fd3790c5bd7a (from http://pypi.mirrors.ustc.edu.cn/simple/bottle/), version 0.11.7 doesn't match ==0.4
  Ignoring link http://pypi.mirrors.ustc.edu.cn/packages/source/b/bottle/bottle-0.12.1.tar.gz#md5=ea5ecd9b1b2c31513d8eba4b39e26991 (from http://pypi.mirrors.ustc.edu.cn/simple/bottle/), version 0.12.1 doesn't match ==0.4
  Ignoring link http://pypi.mirrors.ustc.edu.cn/packages/source/b/bottle/bottle-0.12.2.tar.gz#md5=33d76887ee5f90dc33d0642be1eb3134 (from http://pypi.mirrors.ustc.edu.cn/simple/bottle/), version 0.12.2 doesn't match ==0.4
  Ignoring link http://pypi.mirrors.ustc.edu.cn/packages/source/b/bottle/bottle-0.12.3.tar.gz#md5=31fd7027f8fb72281ed0584214108730 (from http://pypi.mirrors.ustc.edu.cn/simple/bottle/), version 0.12.3 doesn't match ==0.4
  Ignoring link http://pypi.mirrors.ustc.edu.cn/packages/source/b/bottle/bottle-0.12.4.tar.gz#md5=638af3414f3d4ae0a79152916d373bae (from http://pypi.mirrors.ustc.edu.cn/simple/bottle/), version 0.12.4 doesn't match ==0.4
  Ignoring link http://pypi.mirrors.ustc.edu.cn/packages/source/b/bottle/bottle-0.12.5.tar.gz#md5=3bfd6aa9459ab88ad9a7e50ecd7149e4 (from http://pypi.mirrors.ustc.edu.cn/simple/bottle/), version 0.12.5 doesn't match ==0.4
  Ignoring link http://pypi.mirrors.ustc.edu.cn/packages/source/b/bottle/bottle-0.12.6.tar.gz#md5=3d6c5a115bc6a2e984a6d4b72d84e7c5 (from http://pypi.mirrors.ustc.edu.cn/simple/bottle/), version 0.12.6 doesn't match ==0.4
  Ignoring link http://pypi.mirrors.ustc.edu.cn/packages/source/b/bottle/bottle-0.12.7.tar.gz#md5=ed0b83c9dbbdbde784e7c652d61c59f4 (from http://pypi.mirrors.ustc.edu.cn/simple/bottle/), version 0.12.7 doesn't match ==0.4
  Ignoring link http://pypi.mirrors.ustc.edu.cn/packages/source/b/bottle/bottle-0.12.8.tar.gz#md5=13132c0a8f607bf860810a6ee9064c5b (from http://pypi.mirrors.ustc.edu.cn/simple/bottle/), version 0.12.8 doesn't match ==0.4
  Ignoring link http://pypi.mirrors.ustc.edu.cn/packages/source/b/bottle/bottle-0.4.10.tar.gz#md5=b8284c73d7507287e82982bd045ce074 (from http://pypi.mirrors.ustc.edu.cn/simple/bottle/), version 0.4.10 doesn't match ==0.4
  Ignoring link http://pypi.mirrors.ustc.edu.cn/packages/source/b/bottle/bottle-0.4.11.tar.gz#md5=a12823f26db1109aff576cd582873754 (from http://pypi.mirrors.ustc.edu.cn/simple/bottle/), version 0.4.11 doesn't match ==0.4
  Ignoring link http://pypi.mirrors.ustc.edu.cn/packages/source/b/bottle/bottle-0.4.12.tar.gz#md5=5fe92cdec9af07fd49b42fbd4301c83a (from http://pypi.mirrors.ustc.edu.cn/simple/bottle/), version 0.4.12 doesn't match ==0.4
  Ignoring link http://pypi.mirrors.ustc.edu.cn/packages/source/b/bottle/bottle-0.4.13.tar.gz#md5=60ad4d356db43f26d8300080bd307155 (from http://pypi.mirrors.ustc.edu.cn/simple/bottle/), version 0.4.13 doesn't match ==0.4
  Ignoring link http://pypi.mirrors.ustc.edu.cn/packages/source/b/bottle/bottle-0.4.14.tar.gz#md5=694f971e395ea7bee0a9270166931aca (from http://pypi.mirrors.ustc.edu.cn/simple/bottle/), version 0.4.14 doesn't match ==0.4
  Ignoring link http://pypi.mirrors.ustc.edu.cn/packages/source/b/bottle/bottle-0.4.3.tar.gz#md5=63c21b690eec371e9bc4c22b87baa437 (from http://pypi.mirrors.ustc.edu.cn/simple/bottle/), version 0.4.3 doesn't match ==0.4
  Ignoring link http://pypi.mirrors.ustc.edu.cn/packages/source/b/bottle/bottle-0.4.4.tar.gz#md5=8c79baedb8b620e6ef8c62520759f7a6 (from http://pypi.mirrors.ustc.edu.cn/simple/bottle/), version 0.4.4 doesn't match ==0.4
  Ignoring link http://pypi.mirrors.ustc.edu.cn/packages/source/b/bottle/bottle-0.4.6.tar.gz#md5=a4a451447f9cbed598966dd254a78253 (from http://pypi.mirrors.ustc.edu.cn/simple/bottle/), version 0.4.6 doesn't match ==0.4
  Ignoring link http://pypi.mirrors.ustc.edu.cn/packages/source/b/bottle/bottle-0.4.7.tar.gz#md5=6f5f160b5f9376f50d2f7dbeff5cba72 (from http://pypi.mirrors.ustc.edu.cn/simple/bottle/), version 0.4.7 doesn't match ==0.4
  Ignoring link http://pypi.mirrors.ustc.edu.cn/packages/source/b/bottle/bottle-0.4.8.tar.gz#md5=77b4d245d09f2b7e2b4218e86196f689 (from http://pypi.mirrors.ustc.edu.cn/simple/bottle/), version 0.4.8 doesn't match ==0.4
  Ignoring link http://pypi.mirrors.ustc.edu.cn/packages/source/b/bottle/bottle-0.4.9.tar.gz#md5=6fdc518d5bc8998e60101864067c51d3 (from http://pypi.mirrors.ustc.edu.cn/simple/bottle/), version 0.4.9 doesn't match ==0.4
  Ignoring link http://pypi.mirrors.ustc.edu.cn/packages/source/b/bottle/bottle-0.5.3.tar.gz#md5=d0e5afbc435df3b2ce3e093b966f7d71 (from http://pypi.mirrors.ustc.edu.cn/simple/bottle/), version 0.5.3 doesn't match ==0.4
  Ignoring link http://pypi.mirrors.ustc.edu.cn/packages/source/b/bottle/bottle-0.5.4.tar.gz#md5=092b5ee870e536107fed81268d95946a (from http://pypi.mirrors.ustc.edu.cn/simple/bottle/), version 0.5.4 doesn't match ==0.4
  Ignoring link http://pypi.mirrors.ustc.edu.cn/packages/source/b/bottle/bottle-0.5.6.tar.gz#md5=81d79b402cdecf20e642fa74c547bc9b (from http://pypi.mirrors.ustc.edu.cn/simple/bottle/), version 0.5.6 doesn't match ==0.4
  Ignoring link http://pypi.mirrors.ustc.edu.cn/packages/source/b/bottle/bottle-0.5.7.tar.gz#md5=6fd18b5ebd6b9123954dfe63d51e0e41 (from http://pypi.mirrors.ustc.edu.cn/simple/bottle/), version 0.5.7 doesn't match ==0.4
  Ignoring link http://pypi.mirrors.ustc.edu.cn/packages/source/b/bottle/bottle-0.5.8.tar.gz#md5=959b253063be523ba3b4523ac31ff5f2 (from http://pypi.mirrors.ustc.edu.cn/simple/bottle/), version 0.5.8 doesn't match ==0.4
  Ignoring link http://pypi.mirrors.ustc.edu.cn/packages/source/b/bottle/bottle-0.6.0.tar.gz#md5=ba3c5c4905086165c4631d6fc1ff7336 (from http://pypi.mirrors.ustc.edu.cn/simple/bottle/), version 0.6.0 doesn't match ==0.4
  Ignoring link http://pypi.mirrors.ustc.edu.cn/packages/source/b/bottle/bottle-0.6.1.tar.gz#md5=c711ffffe598501d11a9ea610a3f33f9 (from http://pypi.mirrors.ustc.edu.cn/simple/bottle/), version 0.6.1 doesn't match ==0.4
  Ignoring link http://pypi.mirrors.ustc.edu.cn/packages/source/b/bottle/bottle-0.6.2.tar.gz#md5=fd6c79244917c7b1833124697451b019 (from http://pypi.mirrors.ustc.edu.cn/simple/bottle/), version 0.6.2 doesn't match ==0.4
  Ignoring link http://pypi.mirrors.ustc.edu.cn/packages/source/b/bottle/bottle-0.6.3.tar.gz#md5=c9f708993e01dbf2a31148175c1a87a5 (from http://pypi.mirrors.ustc.edu.cn/simple/bottle/), version 0.6.3 doesn't match ==0.4
  Ignoring link http://pypi.mirrors.ustc.edu.cn/packages/source/b/bottle/bottle-0.6.4.tar.gz#md5=fc4603408ab61de55441a0c9192fe488 (from http://pypi.mirrors.ustc.edu.cn/simple/bottle/), version 0.6.4 doesn't match ==0.4
  Ignoring link http://pypi.mirrors.ustc.edu.cn/packages/source/b/bottle/bottle-0.6.5.tar.gz#md5=b3d73d40e0efec27faf2f78e436cba5b (from http://pypi.mirrors.ustc.edu.cn/simple/bottle/), version 0.6.5 doesn't match ==0.4
  Ignoring link http://pypi.mirrors.ustc.edu.cn/packages/source/b/bottle/bottle-0.6.6.tar.gz#md5=2278bcfbc3b38227d1e90faf265c6f0a (from http://pypi.mirrors.ustc.edu.cn/simple/bottle/), version 0.6.6 doesn't match ==0.4
  Ignoring link http://pypi.mirrors.ustc.edu.cn/packages/source/b/bottle/bottle-0.8.1.tar.gz#md5=e6287c634e676a54459a1c4676d48d3d (from http://pypi.mirrors.ustc.edu.cn/simple/bottle/), version 0.8.1 doesn't match ==0.4
  Ignoring link http://pypi.mirrors.ustc.edu.cn/packages/source/b/bottle/bottle-0.8.2.tar.gz#md5=e2d3951fa1cacc2144fa53be9c3365db (from http://pypi.mirrors.ustc.edu.cn/simple/bottle/), version 0.8.2 doesn't match ==0.4
  Ignoring link http://pypi.mirrors.ustc.edu.cn/packages/source/b/bottle/bottle-0.8.3.tar.gz#md5=8d0c8282d8311dc63099f98d362f2e63 (from http://pypi.mirrors.ustc.edu.cn/simple/bottle/), version 0.8.3 doesn't match ==0.4
  Ignoring link http://pypi.mirrors.ustc.edu.cn/packages/source/b/bottle/bottle-0.8.4.tar.gz#md5=2bc00e5c5f5c83931ae3b3ad1f41bc54 (from http://pypi.mirrors.ustc.edu.cn/simple/bottle/), version 0.8.4 doesn't match ==0.4
  Ignoring link http://pypi.mirrors.ustc.edu.cn/packages/source/b/bottle/bottle-0.8.5.tar.gz#md5=10e58aa1ef4fe66a9e99153df5dc1b09 (from http://pypi.mirrors.ustc.edu.cn/simple/bottle/), version 0.8.5 doesn't match ==0.4
  Ignoring link http://pypi.mirrors.ustc.edu.cn/packages/source/b/bottle/bottle-0.9.1.tar.gz#md5=5be3d467420e24629934dcadce08b87a (from http://pypi.mirrors.ustc.edu.cn/simple/bottle/), version 0.9.1 doesn't match ==0.4
  Ignoring link http://pypi.mirrors.ustc.edu.cn/packages/source/b/bottle/bottle-0.9.2.tar.gz#md5=216d51519155c6157c60179e3fce9223 (from http://pypi.mirrors.ustc.edu.cn/simple/bottle/), version 0.9.2 doesn't match ==0.4
  Ignoring link http://pypi.mirrors.ustc.edu.cn/packages/source/b/bottle/bottle-0.9.3.tar.gz#md5=f5fa6f40cf0a4033004fba6220f0db61 (from http://pypi.mirrors.ustc.edu.cn/simple/bottle/), version 0.9.3 doesn't match ==0.4
  Ignoring link http://pypi.mirrors.ustc.edu.cn/packages/source/b/bottle/bottle-0.9.4.tar.gz#md5=3b4308a73f0a7019e0f0999f55bf8e1a (from http://pypi.mirrors.ustc.edu.cn/simple/bottle/), version 0.9.4 doesn't match ==0.4
  Ignoring link http://pypi.mirrors.ustc.edu.cn/packages/source/b/bottle/bottle-0.9.5.tar.gz#md5=d87cb9aa846003163aeda29226ae1e9c (from http://pypi.mirrors.ustc.edu.cn/simple/bottle/), version 0.9.5 doesn't match ==0.4
  Ignoring link http://pypi.mirrors.ustc.edu.cn/packages/source/b/bottle/bottle-0.9.6.tar.gz#md5=f48c992ad58e2e47289388cbf4df97fb (from http://pypi.mirrors.ustc.edu.cn/simple/bottle/), version 0.9.6 doesn't match ==0.4
  Ignoring link http://pypi.mirrors.ustc.edu.cn/packages/source/b/bottle/bottle-0.9.7.tar.gz#md5=eb4faa6a519251928e4bb737db4217ae (from http://pypi.mirrors.ustc.edu.cn/simple/bottle/), version 0.9.7 doesn't match ==0.4
  Ignoring link http://pypi.mirrors.ustc.edu.cn/packages/source/b/bottle/bottle-0.9.8.tar.gz#md5=d7c5d0253eec73ba2be7964b53588336 (from http://pypi.mirrors.ustc.edu.cn/simple/bottle/), version 0.9.8 doesn't match ==0.4
  Could not find a version that satisfies the requirement bottle==0.4 (from versions: 0.11.6, 0.10.1, 0.10.10, 0.10.11, 0.10.12, 0.10.2, 0.10.3, 0.10.4, 0.10.5, 0.10.6, 0.10.7, 0.10.8, 0.10.9, 0.11.1, 0.11.2, 0.11.3, 0.11.4, 0.11.5, 0.11.6, 0.11.7, 0.12.1, 0.12.2, 0.12.3, 0.12.4, 0.12.5, 0.12.6, 0.12.7, 0.12.8, 0.4.10, 0.4.11, 0.4.12, 0.4.13, 0.4.14, 0.4.3, 0.4.4, 0.4.6, 0.4.7, 0.4.8, 0.4.9, 0.5.3, 0.5.4, 0.5.6, 0.5.7, 0.5.8, 0.6.0, 0.6.1, 0.6.2, 0.6.3, 0.6.4, 0.6.5, 0.6.6, 0.8.1, 0.8.2, 0.8.3, 0.8.4, 0.8.5, 0.9.1, 0.9.2, 0.9.3, 0.9.4, 0.9.5, 0.9.6, 0.9.7, 0.9.8, 0.11.6, 0.10.1, 0.10.10, 0.10.11, 0.10.12, 0.10.2, 0.10.3, 0.10.4, 0.10.5, 0.10.6, 0.10.7, 0.10.8, 0.10.9, 0.11.1, 0.11.2, 0.11.3, 0.11.4, 0.11.5, 0.11.6, 0.11.7, 0.12.1, 0.12.2, 0.12.3, 0.12.4, 0.12.5, 0.12.6, 0.12.7, 0.12.8, 0.4.10, 0.4.11, 0.4.12, 0.4.13, 0.4.14, 0.4.3, 0.4.4, 0.4.6, 0.4.7, 0.4.8, 0.4.9, 0.5.3, 0.5.4, 0.5.6, 0.5.7, 0.5.8, 0.6.0, 0.6.1, 0.6.2, 0.6.3, 0.6.4, 0.6.5, 0.6.6, 0.8.1, 0.8.2, 0.8.3, 0.8.4, 0.8.5, 0.9.1, 0.9.2, 0.9.3, 0.9.4, 0.9.5, 0.9.6, 0.9.7, 0.9.8)
Cleaning up...
  Removing temporary dir /Users/liupy525/.virtualenvs/bottle/build...
No distributions matching the version for bottle==0.4
Exception information:
Traceback (most recent call last):
  File "/Users/liupy525/.virtualenvs/bottle/lib/python2.7/site-packages/pip/basecommand.py", line 122, in main
    status = self.run(options, args)
  File "/Users/liupy525/.virtualenvs/bottle/lib/python2.7/site-packages/pip/commands/install.py", line 278, in run
    requirement_set.prepare_files(finder, force_root_egg_info=self.bundle, bundle=self.bundle)
  File "/Users/liupy525/.virtualenvs/bottle/lib/python2.7/site-packages/pip/req.py", line 1177, in prepare_files
    url = finder.find_requirement(req_to_install, upgrade=self.upgrade)
  File "/Users/liupy525/.virtualenvs/bottle/lib/python2.7/site-packages/pip/index.py", line 322, in find_requirement
    raise DistributionNotFound('No distributions matching the version for %s' % req)
DistributionNotFound: No distributions matching the version for bottle==0.4
